<?xml version="1.0" encoding="UTF-8"?>
<!-- Generated by org.testng.reporters.JUnitXMLReporter -->
<testsuite ignored="1" hostname="DESKTOP-9841J3A" failures="1" tests="5" name="Test" time="87.458" errors="0" timestamp="2023-10-14T10:46:01 IST">
  <testcase classname="com.store.testcases.TC_MyAccountPage" name="verifyLogin" time="14.921"/>
  <testcase classname="com.store.testcases.TC_MyAccountPage" name="verifyLogin" time="16.001"/>
  <testcase classname="com.store.testcases.TC_ProductPurchase" name="verifySearchProduct" time="11.381"/>
  <testcase classname="com.store.testcases.TC_ProductPurchase" name="BuyProduct" time="8.044"/>
  <testcase classname="com.store.testcases.TC_GuestUserProductPurchase" name="verifyGuestUserPurchase" time="1.112">
    <failure type="junit.framework.AssertionFailedError">
      <![CDATA[junit.framework.AssertionFailedError
at junit.framework.Assert.fail(Assert.java:47)
at junit.framework.Assert.assertTrue(Assert.java:20)
at junit.framework.Assert.assertTrue(Assert.java:27)
at com.store.testcases.TC_GuestUserProductPurchase.verifyGuestUserPurchase(TC_GuestUserProductPurchase.java:19)
at java.base/java.util.ArrayList.forEach(ArrayList.java:1511)
... Removed 27 stack frames]]>
    </failure>
  </testcase> <!-- verifyGuestUserPurchase -->
  <testcase classname="com.store.testcases.TC_MyAccountPage" name="verifyRegistration" time="0.0">
    <ignored/>
  </testcase> <!-- verifyRegistration -->
</testsuite> <!-- Test -->
