<?xml version="1.0" encoding="UTF-8"?>
<testng-results ignored="1" total="6" passed="4" failed="1" skipped="0">
  <reporter-output>
  </reporter-output>
  <suite started-at="2023-10-14T17:05:52 IST" name="Suite" finished-at="2023-10-14T17:07:00 IST" duration-ms="67727">
    <groups>
    </groups>
    <test started-at="2023-10-14T17:05:52 IST" name="Test" finished-at="2023-10-14T17:07:00 IST" duration-ms="67727">
      <class name="com.store.testcases.TC_MyAccountPage">
        <test-method is-config="true" signature="setup()[pri:0, instance:com.store.testcases.TC_MyAccountPage@57cf54e1]" started-at="2023-10-14T17:05:52 IST" name="setup" finished-at="2023-10-14T17:06:04 IST" duration-ms="11784" status="PASS">
          <reporter-output>
          </reporter-output>
        </test-method> <!-- setup -->
        <test-method signature="verifyLogin(java.lang.String,java.lang.String)[pri:0, instance:com.store.testcases.TC_MyAccountPage@57cf54e1]" started-at="2023-10-14T17:06:06 IST" name="verifyLogin" data-provider="LoginDataProvider" finished-at="2023-10-14T17:06:20 IST" duration-ms="13581" status="PASS">
          <params>
            <param index="0">
              <value>
                <![CDATA[rest1@yopmail.com]]>
              </value>
            </param>
            <param index="1">
              <value>
                <![CDATA[rest123]]>
              </value>
            </param>
          </params>
          <reporter-output>
          </reporter-output>
        </test-method> <!-- verifyLogin -->
        <test-method signature="verifyLogin(java.lang.String,java.lang.String)[pri:0, instance:com.store.testcases.TC_MyAccountPage@57cf54e1]" started-at="2023-10-14T17:06:20 IST" name="verifyLogin" data-provider="LoginDataProvider" finished-at="2023-10-14T17:06:33 IST" duration-ms="13302" status="PASS">
          <params>
            <param index="0">
              <value>
                <![CDATA[rest2@yopmail.com]]>
              </value>
            </param>
            <param index="1">
              <value>
                <![CDATA[rest123]]>
              </value>
            </param>
          </params>
          <reporter-output>
          </reporter-output>
        </test-method> <!-- verifyLogin -->
        <test-method is-config="true" signature="tearDown()[pri:0, instance:com.store.testcases.TC_MyAccountPage@57cf54e1]" started-at="2023-10-14T17:06:33 IST" name="tearDown" finished-at="2023-10-14T17:06:34 IST" duration-ms="918" status="PASS">
          <reporter-output>
          </reporter-output>
        </test-method> <!-- tearDown -->
      </class> <!-- com.store.testcases.TC_MyAccountPage -->
      <class name="com.store.testcases.TC_ProductPurchase">
        <test-method is-config="true" signature="setup()[pri:0, instance:com.store.testcases.TC_ProductPurchase@17497425]" started-at="2023-10-14T17:06:34 IST" name="setup" finished-at="2023-10-14T17:06:40 IST" duration-ms="6052" status="PASS">
          <reporter-output>
          </reporter-output>
        </test-method> <!-- setup -->
        <test-method signature="verifySearchProduct()[pri:0, instance:com.store.testcases.TC_ProductPurchase@17497425]" started-at="2023-10-14T17:06:40 IST" name="verifySearchProduct" finished-at="2023-10-14T17:06:48 IST" duration-ms="7268" status="PASS">
          <reporter-output>
          </reporter-output>
        </test-method> <!-- verifySearchProduct -->
        <test-method signature="BuyProduct()[pri:0, instance:com.store.testcases.TC_ProductPurchase@17497425]" started-at="2023-10-14T17:06:48 IST" name="BuyProduct" finished-at="2023-10-14T17:06:52 IST" depends-on-methods="com.store.testcases.TC_ProductPurchase.verifySearchProduct" duration-ms="4236" status="PASS">
          <reporter-output>
          </reporter-output>
        </test-method> <!-- BuyProduct -->
        <test-method is-config="true" signature="tearDown()[pri:0, instance:com.store.testcases.TC_ProductPurchase@17497425]" started-at="2023-10-14T17:06:52 IST" name="tearDown" finished-at="2023-10-14T17:06:53 IST" duration-ms="655" status="PASS">
          <reporter-output>
          </reporter-output>
        </test-method> <!-- tearDown -->
      </class> <!-- com.store.testcases.TC_ProductPurchase -->
      <class name="com.store.testcases.TC_GuestUserProductPurchase">
        <test-method is-config="true" signature="setup()[pri:0, instance:com.store.testcases.TC_GuestUserProductPurchase@f0da945]" started-at="2023-10-14T17:06:53 IST" name="setup" finished-at="2023-10-14T17:06:58 IST" duration-ms="5309" status="PASS">
          <reporter-output>
          </reporter-output>
        </test-method> <!-- setup -->
        <test-method signature="verifyGuestUserPurchase()[pri:0, instance:com.store.testcases.TC_GuestUserProductPurchase@f0da945]" started-at="2023-10-14T17:06:58 IST" name="verifyGuestUserPurchase" finished-at="2023-10-14T17:06:59 IST" duration-ms="1012" status="FAIL">
          <exception class="junit.framework.AssertionFailedError">
            <full-stacktrace>
              <![CDATA[junit.framework.AssertionFailedError
at junit.framework.Assert.fail(Assert.java:47)
at junit.framework.Assert.assertTrue(Assert.java:20)
at junit.framework.Assert.assertTrue(Assert.java:27)
at com.store.testcases.TC_GuestUserProductPurchase.verifyGuestUserPurchase(TC_GuestUserProductPurchase.java:19)
at java.base/jdk.internal.reflect.NativeMethodAccessorImpl.invoke0(Native Method)
at java.base/jdk.internal.reflect.NativeMethodAccessorImpl.invoke(NativeMethodAccessorImpl.java:62)
at java.base/jdk.internal.reflect.DelegatingMethodAccessorImpl.invoke(DelegatingMethodAccessorImpl.java:43)
at java.base/java.lang.reflect.Method.invoke(Method.java:566)
at org.testng.internal.MethodInvocationHelper.invokeMethod(MethodInvocationHelper.java:133)
at org.testng.internal.TestInvoker.invokeMethod(TestInvoker.java:598)
at org.testng.internal.TestInvoker.invokeTestMethod(TestInvoker.java:173)
at org.testng.internal.MethodRunner.runInSequence(MethodRunner.java:46)
at org.testng.internal.TestInvoker$MethodInvocationAgent.invoke(TestInvoker.java:824)
at org.testng.internal.TestInvoker.invokeTestMethods(TestInvoker.java:146)
at org.testng.internal.TestMethodWorker.invokeTestMethods(TestMethodWorker.java:146)
at org.testng.internal.TestMethodWorker.run(TestMethodWorker.java:128)
at java.base/java.util.ArrayList.forEach(ArrayList.java:1541)
at org.testng.TestRunner.privateRun(TestRunner.java:794)
at org.testng.TestRunner.run(TestRunner.java:596)
at org.testng.SuiteRunner.runTest(SuiteRunner.java:377)
at org.testng.SuiteRunner.runSequentially(SuiteRunner.java:371)
at org.testng.SuiteRunner.privateRun(SuiteRunner.java:332)
at org.testng.SuiteRunner.run(SuiteRunner.java:276)
at org.testng.SuiteRunnerWorker.runSuite(SuiteRunnerWorker.java:53)
at org.testng.SuiteRunnerWorker.run(SuiteRunnerWorker.java:96)
at org.testng.TestNG.runSuitesSequentially(TestNG.java:1212)
at org.testng.TestNG.runSuitesLocally(TestNG.java:1134)
at org.testng.TestNG.runSuites(TestNG.java:1063)
at org.testng.TestNG.run(TestNG.java:1031)
at org.apache.maven.surefire.testng.TestNGExecutor.run(TestNGExecutor.java:324)
at org.apache.maven.surefire.testng.TestNGXmlTestSuite.execute(TestNGXmlTestSuite.java:74)
at org.apache.maven.surefire.testng.TestNGProvider.invoke(TestNGProvider.java:123)
at org.apache.maven.surefire.booter.ForkedBooter.runSuitesInProcess(ForkedBooter.java:456)
at org.apache.maven.surefire.booter.ForkedBooter.execute(ForkedBooter.java:169)
at org.apache.maven.surefire.booter.ForkedBooter.run(ForkedBooter.java:595)
at org.apache.maven.surefire.booter.ForkedBooter.main(ForkedBooter.java:581)
]]>
            </full-stacktrace>
          </exception> <!-- junit.framework.AssertionFailedError -->
          <reporter-output>
          </reporter-output>
        </test-method> <!-- verifyGuestUserPurchase -->
        <test-method is-config="true" signature="tearDown()[pri:0, instance:com.store.testcases.TC_GuestUserProductPurchase@f0da945]" started-at="2023-10-14T17:06:59 IST" name="tearDown" finished-at="2023-10-14T17:07:00 IST" duration-ms="658" status="PASS">
          <reporter-output>
          </reporter-output>
        </test-method> <!-- tearDown -->
      </class> <!-- com.store.testcases.TC_GuestUserProductPurchase -->
    </test> <!-- Test -->
  </suite> <!-- Suite -->
</testng-results>
