<?xml version="1.0" encoding="UTF-8"?>
<testsuite xmlns:xsi="http://www.w3.org/2001/XMLSchema-instance" xsi:noNamespaceSchemaLocation="https://maven.apache.org/surefire/maven-surefire-plugin/xsd/surefire-test-report-3.0.xsd" version="3.0" name="TestSuite" time="71.272" tests="5" errors="0" skipped="0" failures="1">
  <properties>
[...]
</properties>
  <testcase name="verifyLogin[rest1@yopmail.com, rest123](1)" classname="com.store.testcases.TC_MyAccountPage" time="13.714">
    <system-out><![CDATA[Start method invoked
[DEBUG] 2023-10-14 17:05:54.906 [main] InternalLoggerFactory - Using Log4J2 as the default logging framework
[DEBUG] 2023-10-14 17:05:54.922 [main] ResourceLeakDetector - -Dio.netty.leakDetection.level: simple
[DEBUG] 2023-10-14 17:05:54.923 [main] ResourceLeakDetector - -Dio.netty.leakDetection.targetRecords: 4
[DEBUG] 2023-10-14 17:05:54.932 [main] ResourceLeakDetectorFactory - Loaded default ResourceLeakDetector: io.netty.util.ResourceLeakDetector@618ff5c2
[DEBUG] 2023-10-14 17:05:54.957 [main] PlatformDependent0 - -Dio.netty.noUnsafe: false
[DEBUG] 2023-10-14 17:05:54.957 [main] PlatformDependent0 - Java version: 11
[DEBUG] 2023-10-14 17:05:54.958 [main] PlatformDependent0 - sun.misc.Unsafe.theUnsafe: available
[DEBUG] 2023-10-14 17:05:54.961 [main] PlatformDependent0 - sun.misc.Unsafe.copyMemory: available
[DEBUG] 2023-10-14 17:05:54.962 [main] PlatformDependent0 - sun.misc.Unsafe.storeFence: available
[DEBUG] 2023-10-14 17:05:54.963 [main] PlatformDependent0 - java.nio.Buffer.address: available
[DEBUG] 2023-10-14 17:05:54.964 [main] PlatformDependent0 - direct buffer constructor: unavailable: Reflective setAccessible(true) disabled
[DEBUG] 2023-10-14 17:05:54.965 [main] PlatformDependent0 - java.nio.Bits.unaligned: available, true
[DEBUG] 2023-10-14 17:05:54.967 [main] PlatformDependent0 - jdk.internal.misc.Unsafe.allocateUninitializedArray(int): unavailable: class io.netty.util.internal.PlatformDependent0$7 cannot access class jdk.internal.misc.Unsafe (in module java.base) because module java.base does not export jdk.internal.misc to unnamed module @753aca85
[DEBUG] 2023-10-14 17:05:54.968 [main] PlatformDependent0 - java.nio.DirectByteBuffer.<init>(long, int): unavailable
[DEBUG] 2023-10-14 17:05:54.968 [main] PlatformDependent - sun.misc.Unsafe: available
[DEBUG] 2023-10-14 17:05:54.969 [main] PlatformDependent - maxDirectMemory: 2118123520 bytes (maybe)
[DEBUG] 2023-10-14 17:05:54.969 [main] PlatformDependent - -Dio.netty.tmpdir: C:\WINDOWS\TEMP (java.io.tmpdir)
[DEBUG] 2023-10-14 17:05:54.969 [main] PlatformDependent - -Dio.netty.bitMode: 64 (sun.arch.data.model)
[DEBUG] 2023-10-14 17:05:54.970 [main] PlatformDependent - Platform: Windows
[DEBUG] 2023-10-14 17:05:54.971 [main] PlatformDependent - -Dio.netty.maxDirectMemory: -1 bytes
[DEBUG] 2023-10-14 17:05:54.971 [main] PlatformDependent - -Dio.netty.uninitializedArrayAllocationThreshold: -1
[DEBUG] 2023-10-14 17:05:54.972 [main] CleanerJava9 - java.nio.ByteBuffer.cleaner(): available
[DEBUG] 2023-10-14 17:05:54.972 [main] PlatformDependent - -Dio.netty.noPreferDirect: false
[DEBUG] 2023-10-14 17:05:55.011 [main] PlatformDependent - org.jctools-core.MpscChunkedArrayQueue: available
[DEBUG] 2023-10-14 17:05:55.053 [main] InternalThreadLocalMap - -Dio.netty.threadLocalMap.stringBuilder.initialSize: 1024
[DEBUG] 2023-10-14 17:05:55.053 [main] InternalThreadLocalMap - -Dio.netty.threadLocalMap.stringBuilder.maxSize: 4096
[DEBUG] 2023-10-14 17:05:55.090 [main] JdkSslContext - Default protocols (JDK): [TLSv1.3, TLSv1.2] 
[DEBUG] 2023-10-14 17:05:55.090 [main] JdkSslContext - Default cipher suites (JDK): [TLS_ECDHE_ECDSA_WITH_AES_256_GCM_SHA384, TLS_ECDHE_ECDSA_WITH_AES_128_GCM_SHA256, TLS_ECDHE_RSA_WITH_AES_128_GCM_SHA256, TLS_ECDHE_RSA_WITH_AES_256_GCM_SHA384, TLS_ECDHE_RSA_WITH_AES_128_CBC_SHA, TLS_ECDHE_RSA_WITH_AES_256_CBC_SHA, TLS_RSA_WITH_AES_128_GCM_SHA256, TLS_RSA_WITH_AES_128_CBC_SHA, TLS_RSA_WITH_AES_256_CBC_SHA, TLS_AES_128_GCM_SHA256, TLS_AES_256_GCM_SHA384]
[DEBUG] 2023-10-14 17:05:55.113 [main] GlobalEventExecutor - -Dio.netty.globalEventExecutor.quietPeriodSeconds: 1
[DEBUG] 2023-10-14 17:05:55.137 [main] MultithreadEventLoopGroup - -Dio.netty.eventLoopThreads: 16
[DEBUG] 2023-10-14 17:05:55.150 [main] NioEventLoop - -Dio.netty.noKeySetOptimization: false
[DEBUG] 2023-10-14 17:05:55.150 [main] NioEventLoop - -Dio.netty.selectorAutoRebuildThreshold: 512
[DEBUG] 2023-10-14 17:05:55.204 [main] PooledByteBufAllocator - -Dio.netty.allocator.numHeapArenas: 16
[DEBUG] 2023-10-14 17:05:55.204 [main] PooledByteBufAllocator - -Dio.netty.allocator.numDirectArenas: 16
[DEBUG] 2023-10-14 17:05:55.204 [main] PooledByteBufAllocator - -Dio.netty.allocator.pageSize: 8192
[DEBUG] 2023-10-14 17:05:55.205 [main] PooledByteBufAllocator - -Dio.netty.allocator.maxOrder: 9
[DEBUG] 2023-10-14 17:05:55.205 [main] PooledByteBufAllocator - -Dio.netty.allocator.chunkSize: 4194304
[DEBUG] 2023-10-14 17:05:55.205 [main] PooledByteBufAllocator - -Dio.netty.allocator.smallCacheSize: 256
[DEBUG] 2023-10-14 17:05:55.205 [main] PooledByteBufAllocator - -Dio.netty.allocator.normalCacheSize: 64
[DEBUG] 2023-10-14 17:05:55.205 [main] PooledByteBufAllocator - -Dio.netty.allocator.maxCachedBufferCapacity: 32768
[DEBUG] 2023-10-14 17:05:55.205 [main] PooledByteBufAllocator - -Dio.netty.allocator.cacheTrimInterval: 8192
[DEBUG] 2023-10-14 17:05:55.205 [main] PooledByteBufAllocator - -Dio.netty.allocator.cacheTrimIntervalMillis: 0
[DEBUG] 2023-10-14 17:05:55.205 [main] PooledByteBufAllocator - -Dio.netty.allocator.useCacheForAllThreads: false
[DEBUG] 2023-10-14 17:05:55.205 [main] PooledByteBufAllocator - -Dio.netty.allocator.maxCachedByteBuffersPerChunk: 1023
[DEBUG] 2023-10-14 17:05:55.219 [main] ByteBufUtil - -Dio.netty.allocator.type: pooled
[DEBUG] 2023-10-14 17:05:55.220 [main] ByteBufUtil - -Dio.netty.threadLocalDirectBufferSize: 0
[DEBUG] 2023-10-14 17:05:55.220 [main] ByteBufUtil - -Dio.netty.maxThreadLocalCharBufferSize: 16384
[DEBUG] 2023-10-14 17:05:56.203 [Forwarding newSession on session null to remote] DefaultChannelId - -Dio.netty.processId: 7284 (auto-detected)
[DEBUG] 2023-10-14 17:05:56.205 [Forwarding newSession on session null to remote] NetUtil - -Djava.net.preferIPv4Stack: false
[DEBUG] 2023-10-14 17:05:56.205 [Forwarding newSession on session null to remote] NetUtil - -Djava.net.preferIPv6Addresses: false
[DEBUG] 2023-10-14 17:05:56.421 [Forwarding newSession on session null to remote] NetUtilInitializations - Loopback interface: lo (Software Loopback Interface 1, 127.0.0.1)
[DEBUG] 2023-10-14 17:05:56.421 [Forwarding newSession on session null to remote] NetUtil - Failed to get SOMAXCONN from sysctl and file \proc\sys\net\core\somaxconn. Default: 200
[DEBUG] 2023-10-14 17:05:56.434 [Forwarding newSession on session null to remote] DefaultChannelId - -Dio.netty.machineId: b4:69:21:ff:fe:73:42:5e (auto-detected)
[DEBUG] 2023-10-14 17:05:56.486 [AsyncHttpClient-1-2] AbstractByteBuf - -Dio.netty.buffer.checkAccessible: true
[DEBUG] 2023-10-14 17:05:56.487 [AsyncHttpClient-1-2] AbstractByteBuf - -Dio.netty.buffer.checkBounds: true
[DEBUG] 2023-10-14 17:05:56.487 [AsyncHttpClient-1-2] ResourceLeakDetectorFactory - Loaded default ResourceLeakDetector: io.netty.util.ResourceLeakDetector@2b2f128d
[DEBUG] 2023-10-14 17:05:56.518 [AsyncHttpClient-1-2] Recycler - -Dio.netty.recycler.maxCapacityPerThread: 4096
[DEBUG] 2023-10-14 17:05:56.518 [AsyncHttpClient-1-2] Recycler - -Dio.netty.recycler.ratio: 8
[DEBUG] 2023-10-14 17:05:56.518 [AsyncHttpClient-1-2] Recycler - -Dio.netty.recycler.chunkSize: 32
[DEBUG] 2023-10-14 17:05:56.518 [AsyncHttpClient-1-2] Recycler - -Dio.netty.recycler.blocking: false
[DEBUG] 2023-10-14 17:05:56.518 [AsyncHttpClient-1-2] Recycler - -Dio.netty.recycler.batchFastThreadLocalOnly: true
[DEBUG] 2023-10-14 17:05:58.506 [AsyncHttpClient-1-2] Brotli - brotli4j not in the classpath; Brotli support will be unavailable.
[DEBUG] 2023-10-14 17:05:58.608 [main] ThreadLocalRandom - -Dio.netty.initialSeedUniquifier: 0xe0b6d6169e208d18
[INFO ] 2023-10-14 17:06:03.012 [main] ShoppingCart - Url opened
[DEBUG] 2023-10-14 17:06:05.988 [main] PackageRelationshipCollection - Parsing relationship: /xl/_rels/workbook.xml.rels
[DEBUG] 2023-10-14 17:06:05.991 [main] PackageRelationshipCollection - Parsing relationship: /xl/worksheets/_rels/sheet1.xml.rels
[DEBUG] 2023-10-14 17:06:05.994 [main] PackageRelationshipCollection - Parsing relationship: /xl/worksheets/_rels/sheet2.xml.rels
[DEBUG] 2023-10-14 17:06:05.995 [main] PackageRelationshipCollection - Parsing relationship: /_rels/.rels
-----------------------3
[DEBUG] 2023-10-14 17:06:06.649 [main] PackageRelationshipCollection - Parsing relationship: /xl/_rels/workbook.xml.rels
[DEBUG] 2023-10-14 17:06:06.651 [main] PackageRelationshipCollection - Parsing relationship: /xl/worksheets/_rels/sheet1.xml.rels
[DEBUG] 2023-10-14 17:06:06.652 [main] PackageRelationshipCollection - Parsing relationship: /xl/worksheets/_rels/sheet2.xml.rels
[DEBUG] 2023-10-14 17:06:06.654 [main] PackageRelationshipCollection - Parsing relationship: /_rels/.rels
[DEBUG] 2023-10-14 17:06:06.716 [main] PackageRelationshipCollection - Parsing relationship: /xl/_rels/workbook.xml.rels
[DEBUG] 2023-10-14 17:06:06.717 [main] PackageRelationshipCollection - Parsing relationship: /xl/worksheets/_rels/sheet1.xml.rels
[DEBUG] 2023-10-14 17:06:06.718 [main] PackageRelationshipCollection - Parsing relationship: /xl/worksheets/_rels/sheet2.xml.rels
[DEBUG] 2023-10-14 17:06:06.720 [main] PackageRelationshipCollection - Parsing relationship: /_rels/.rels
[DEBUG] 2023-10-14 17:06:06.778 [main] PackageRelationshipCollection - Parsing relationship: /xl/_rels/workbook.xml.rels
[DEBUG] 2023-10-14 17:06:06.781 [main] PackageRelationshipCollection - Parsing relationship: /xl/worksheets/_rels/sheet1.xml.rels
[DEBUG] 2023-10-14 17:06:06.783 [main] PackageRelationshipCollection - Parsing relationship: /xl/worksheets/_rels/sheet2.xml.rels
[DEBUG] 2023-10-14 17:06:06.784 [main] PackageRelationshipCollection - Parsing relationship: /_rels/.rels
[DEBUG] 2023-10-14 17:06:06.829 [main] PackageRelationshipCollection - Parsing relationship: /xl/_rels/workbook.xml.rels
[DEBUG] 2023-10-14 17:06:06.831 [main] PackageRelationshipCollection - Parsing relationship: /xl/worksheets/_rels/sheet1.xml.rels
[DEBUG] 2023-10-14 17:06:06.832 [main] PackageRelationshipCollection - Parsing relationship: /xl/worksheets/_rels/sheet2.xml.rels
[DEBUG] 2023-10-14 17:06:06.833 [main] PackageRelationshipCollection - Parsing relationship: /_rels/.rels
[DEBUG] 2023-10-14 17:06:06.880 [main] PackageRelationshipCollection - Parsing relationship: /xl/_rels/workbook.xml.rels
[DEBUG] 2023-10-14 17:06:06.882 [main] PackageRelationshipCollection - Parsing relationship: /xl/worksheets/_rels/sheet1.xml.rels
[DEBUG] 2023-10-14 17:06:06.883 [main] PackageRelationshipCollection - Parsing relationship: /xl/worksheets/_rels/sheet2.xml.rels
[DEBUG] 2023-10-14 17:06:06.885 [main] PackageRelationshipCollection - Parsing relationship: /_rels/.rels
Name of the test method started:verifyLogin
rest1@yopmail.com
rest123
[INFO ] 2023-10-14 17:06:08.920 [main] ShoppingCart - Entered the login credentials
org.openqa.selenium.NoSuchElementException: no such element: Unable to locate element: {"method":"css selector","selector":"div[class*='alert']"}
  (Session info: chrome=118.0.5993.71)
For documentation on this error, please visit: https://www.selenium.dev/documentation/webdriver/troubleshooting/errors#no-such-element-exception
Build info: version: '4.11.0', revision: '040bc5406b'
System info: os.name: 'Windows 10', os.arch: 'amd64', os.version: '10.0', java.version: '11.0.12'
Driver info: org.openqa.selenium.chrome.ChromeDriver
Command: [cab26cb48233b6462b5f7adbd077cf76, findElement {using=css selector, value=div[class*='alert']}]
Capabilities {acceptInsecureCerts: false, browserName: chrome, browserVersion: 118.0.5993.71, chrome: {chromedriverVersion: 118.0.5993.70 (e52f33f30b91..., userDataDir: C:\WINDOWS\SystemTemp\scope...}, fedcm:accounts: true, goog:chromeOptions: {debuggerAddress: localhost:50970}, networkConnectionEnabled: false, pageLoadStrategy: normal, platformName: windows, proxy: Proxy(), se:cdp: ws://localhost:50970/devtoo..., se:cdpVersion: 118.0.5993.71, setWindowRect: true, strictFileInteractability: false, timeouts: {implicit: 0, pageLoad: 300000, script: 30000}, unhandledPromptBehavior: dismiss and notify, webauthn:extension:credBlob: true, webauthn:extension:largeBlob: true, webauthn:extension:minPinLength: true, webauthn:extension:prf: true, webauthn:virtualAuthenticators: true}
Session ID: cab26cb48233b6462b5f7adbd077cf76
Name of test method passed:verifyLogin
]]></system-out>
    <system-err><![CDATA[SLF4J: No SLF4J providers were found.
SLF4J: Defaulting to no-operation (NOP) logger implementation
SLF4J: See https://www.slf4j.org/codes.html#noProviders for further details.
Oct 14, 2023 5:05:58 PM org.openqa.selenium.devtools.CdpVersionFinder findNearestMatch
WARNING: Unable to find an exact match for CDP version 118, so returning the closest version found: 115
]]></system-err>
  </testcase>
  <testcase name="verifyLogin[rest2@yopmail.com, rest123](2)" classname="com.store.testcases.TC_MyAccountPage" time="13.293">
    <system-out><![CDATA[Name of the test method started:verifyLogin
rest2@yopmail.com
rest123
[INFO ] 2023-10-14 17:06:22.682 [main] ShoppingCart - Entered the login credentials
org.openqa.selenium.NoSuchElementException: no such element: Unable to locate element: {"method":"css selector","selector":"div[class*='alert']"}
  (Session info: chrome=118.0.5993.71)
For documentation on this error, please visit: https://www.selenium.dev/documentation/webdriver/troubleshooting/errors#no-such-element-exception
Build info: version: '4.11.0', revision: '040bc5406b'
System info: os.name: 'Windows 10', os.arch: 'amd64', os.version: '10.0', java.version: '11.0.12'
Driver info: org.openqa.selenium.chrome.ChromeDriver
Command: [cab26cb48233b6462b5f7adbd077cf76, findElement {using=css selector, value=div[class*='alert']}]
Capabilities {acceptInsecureCerts: false, browserName: chrome, browserVersion: 118.0.5993.71, chrome: {chromedriverVersion: 118.0.5993.70 (e52f33f30b91..., userDataDir: C:\WINDOWS\SystemTemp\scope...}, fedcm:accounts: true, goog:chromeOptions: {debuggerAddress: localhost:50970}, networkConnectionEnabled: false, pageLoadStrategy: normal, platformName: windows, proxy: Proxy(), se:cdp: ws://localhost:50970/devtoo..., se:cdpVersion: 118.0.5993.71, setWindowRect: true, strictFileInteractability: false, timeouts: {implicit: 0, pageLoad: 300000, script: 30000}, unhandledPromptBehavior: dismiss and notify, webauthn:extension:credBlob: true, webauthn:extension:largeBlob: true, webauthn:extension:minPinLength: true, webauthn:extension:prf: true, webauthn:virtualAuthenticators: true}
Session ID: cab26cb48233b6462b5f7adbd077cf76
Name of test method passed:verifyLogin
]]></system-out>
  </testcase>
  <testcase name="verifySearchProduct" classname="com.store.testcases.TC_ProductPurchase" time="7.268">
    <system-out><![CDATA[[INFO ] 2023-10-14 17:06:40.936 [main] ShoppingCart - Url opened
Name of the test method started:verifySearchProduct
[INFO ] 2023-10-14 17:06:40.939 [main] ShoppingCart - ***********Starting search product**************************
[INFO ] 2023-10-14 17:06:41.552 [main] ShoppingCart - Navigated to login page
[INFO ] 2023-10-14 17:06:42.801 [main] ShoppingCart - Login success
[INFO ] 2023-10-14 17:06:43.732 [main] ShoppingCart - Searching product
[INFO ] 2023-10-14 17:06:44.381 [main] ShoppingCart - Product successfully added to cart
[INFO ] 2023-10-14 17:06:48.206 [main] ShoppingCart - Logout Success
Name of test method passed:verifySearchProduct
]]></system-out>
    <system-err><![CDATA[Oct 14, 2023 5:06:37 PM org.openqa.selenium.devtools.CdpVersionFinder findNearestMatch
WARNING: Unable to find an exact match for CDP version 118, so returning the closest version found: 115
]]></system-err>
  </testcase>
  <testcase name="BuyProduct" classname="com.store.testcases.TC_ProductPurchase" time="4.236">
    <system-out><![CDATA[Name of the test method started:BuyProduct
[INFO ] 2023-10-14 17:06:48.214 [main] ShoppingCart - ***********Buy product**************************
[INFO ] 2023-10-14 17:06:48.764 [main] ShoppingCart - Navigated to login page
[INFO ] 2023-10-14 17:06:49.763 [main] ShoppingCart - Login success
[INFO ] 2023-10-14 17:06:50.549 [main] ShoppingCart - Navigate to cart page
[INFO ] 2023-10-14 17:06:50.581 [main] ShoppingCart - Product verified
[INFO ] 2023-10-14 17:06:50.612 [main] ShoppingCart - Product model verified
[INFO ] 2023-10-14 17:06:51.572 [main] ShoppingCart - Product quantity successfully updated
[INFO ] 2023-10-14 17:06:51.612 [main] ShoppingCart - Product price verified successfully
[INFO ] 2023-10-14 17:06:52.450 [main] ShoppingCart - ***********Buy product ends**************************
Name of test method passed:BuyProduct
]]></system-out>
  </testcase>
  <testcase name="verifyGuestUserPurchase" classname="com.store.testcases.TC_GuestUserProductPurchase" time="1.016">
    <failure type="junit.framework.AssertionFailedError"><![CDATA[junit.framework.AssertionFailedError
	at junit.framework.Assert.fail(Assert.java:47)
	at junit.framework.Assert.assertTrue(Assert.java:20)
	at junit.framework.Assert.assertTrue(Assert.java:27)
	at com.store.testcases.TC_GuestUserProductPurchase.verifyGuestUserPurchase(TC_GuestUserProductPurchase.java:19)
	at java.base/jdk.internal.reflect.NativeMethodAccessorImpl.invoke0(Native Method)
	at java.base/jdk.internal.reflect.NativeMethodAccessorImpl.invoke(NativeMethodAccessorImpl.java:62)
	at java.base/jdk.internal.reflect.DelegatingMethodAccessorImpl.invoke(DelegatingMethodAccessorImpl.java:43)
	at java.base/java.lang.reflect.Method.invoke(Method.java:566)
	at org.testng.internal.MethodInvocationHelper.invokeMethod(MethodInvocationHelper.java:133)
	at org.testng.internal.TestInvoker.invokeMethod(TestInvoker.java:598)
	at org.testng.internal.TestInvoker.invokeTestMethod(TestInvoker.java:173)
	at org.testng.internal.MethodRunner.runInSequence(MethodRunner.java:46)
	at org.testng.internal.TestInvoker$MethodInvocationAgent.invoke(TestInvoker.java:824)
	at org.testng.internal.TestInvoker.invokeTestMethods(TestInvoker.java:146)
	at org.testng.internal.TestMethodWorker.invokeTestMethods(TestMethodWorker.java:146)
	at org.testng.internal.TestMethodWorker.run(TestMethodWorker.java:128)
	at java.base/java.util.ArrayList.forEach(ArrayList.java:1541)
	at org.testng.TestRunner.privateRun(TestRunner.java:794)
	at org.testng.TestRunner.run(TestRunner.java:596)
	at org.testng.SuiteRunner.runTest(SuiteRunner.java:377)
	at org.testng.SuiteRunner.runSequentially(SuiteRunner.java:371)
	at org.testng.SuiteRunner.privateRun(SuiteRunner.java:332)
	at org.testng.SuiteRunner.run(SuiteRunner.java:276)
	at org.testng.SuiteRunnerWorker.runSuite(SuiteRunnerWorker.java:53)
	at org.testng.SuiteRunnerWorker.run(SuiteRunnerWorker.java:96)
	at org.testng.TestNG.runSuitesSequentially(TestNG.java:1212)
	at org.testng.TestNG.runSuitesLocally(TestNG.java:1134)
	at org.testng.TestNG.runSuites(TestNG.java:1063)
	at org.testng.TestNG.run(TestNG.java:1031)
	at org.apache.maven.surefire.testng.TestNGExecutor.run(TestNGExecutor.java:324)
	at org.apache.maven.surefire.testng.TestNGXmlTestSuite.execute(TestNGXmlTestSuite.java:74)
	at org.apache.maven.surefire.testng.TestNGProvider.invoke(TestNGProvider.java:123)
	at org.apache.maven.surefire.booter.ForkedBooter.runSuitesInProcess(ForkedBooter.java:456)
	at org.apache.maven.surefire.booter.ForkedBooter.execute(ForkedBooter.java:169)
	at org.apache.maven.surefire.booter.ForkedBooter.run(ForkedBooter.java:595)
	at org.apache.maven.surefire.booter.ForkedBooter.main(ForkedBooter.java:581)
]]></failure>
    <system-out><![CDATA[[INFO ] 2023-10-14 17:06:58.416 [main] ShoppingCart - Url opened
Name of the test method started:verifyGuestUserPurchase
Name of the test method failed:verifyGuestUserPurchase
]]></system-out>
    <system-err><![CDATA[Oct 14, 2023 5:06:54 PM org.openqa.selenium.devtools.CdpVersionFinder findNearestMatch
WARNING: Unable to find an exact match for CDP version 118, so returning the closest version found: 115
]]></system-err>
  </testcase>
</testsuite>