<?xml version="1.0" encoding="UTF-8"?>
<testng-results ignored="1" total="6" passed="4" failed="1" skipped="0">
  <reporter-output>
  </reporter-output>
  <suite started-at="2023-10-14T10:44:33 IST" name="Suite" finished-at="2023-10-14T10:46:00 IST" duration-ms="87458">
    <groups>
    </groups>
    <test started-at="2023-10-14T10:44:33 IST" name="Test" finished-at="2023-10-14T10:46:00 IST" duration-ms="87458">
      <class name="com.store.testcases.TC_MyAccountPage">
        <test-method is-config="true" signature="setup()[pri:0, instance:com.store.testcases.TC_MyAccountPage@12aba8be]" started-at="2023-10-14T10:44:34 IST" name="setup" finished-at="2023-10-14T10:44:52 IST" duration-ms="17618" status="PASS">
          <reporter-output>
          </reporter-output>
        </test-method> <!-- setup -->
        <test-method signature="verifyLogin(java.lang.String,java.lang.String)[pri:0, instance:com.store.testcases.TC_MyAccountPage@12aba8be]" started-at="2023-10-14T10:44:54 IST" name="verifyLogin" data-provider="LoginDataProvider" finished-at="2023-10-14T10:45:09 IST" duration-ms="14921" status="PASS">
          <params>
            <param index="0">
              <value>
                <![CDATA[rest1@yopmail.com]]>
              </value>
            </param>
            <param index="1">
              <value>
                <![CDATA[rest123]]>
              </value>
            </param>
          </params>
          <reporter-output>
          </reporter-output>
        </test-method> <!-- verifyLogin -->
        <test-method signature="verifyLogin(java.lang.String,java.lang.String)[pri:0, instance:com.store.testcases.TC_MyAccountPage@12aba8be]" started-at="2023-10-14T10:45:09 IST" name="verifyLogin" data-provider="LoginDataProvider" finished-at="2023-10-14T10:45:25 IST" duration-ms="16001" status="PASS">
          <params>
            <param index="0">
              <value>
                <![CDATA[rest2@yopmail.com]]>
              </value>
            </param>
            <param index="1">
              <value>
                <![CDATA[rest123]]>
              </value>
            </param>
          </params>
          <reporter-output>
          </reporter-output>
        </test-method> <!-- verifyLogin -->
        <test-method is-config="true" signature="tearDown()[pri:0, instance:com.store.testcases.TC_MyAccountPage@12aba8be]" started-at="2023-10-14T10:45:25 IST" name="tearDown" finished-at="2023-10-14T10:45:25 IST" duration-ms="390" status="PASS">
          <reporter-output>
          </reporter-output>
        </test-method> <!-- tearDown -->
      </class> <!-- com.store.testcases.TC_MyAccountPage -->
      <class name="com.store.testcases.TC_ProductPurchase">
        <test-method is-config="true" signature="setup()[pri:0, instance:com.store.testcases.TC_ProductPurchase@201a4587]" started-at="2023-10-14T10:45:25 IST" name="setup" finished-at="2023-10-14T10:45:33 IST" duration-ms="7493" status="PASS">
          <reporter-output>
          </reporter-output>
        </test-method> <!-- setup -->
        <test-method signature="verifySearchProduct()[pri:0, instance:com.store.testcases.TC_ProductPurchase@201a4587]" started-at="2023-10-14T10:45:33 IST" name="verifySearchProduct" finished-at="2023-10-14T10:45:44 IST" duration-ms="11381" status="PASS">
          <reporter-output>
          </reporter-output>
        </test-method> <!-- verifySearchProduct -->
        <test-method signature="BuyProduct()[pri:0, instance:com.store.testcases.TC_ProductPurchase@201a4587]" started-at="2023-10-14T10:45:44 IST" name="BuyProduct" finished-at="2023-10-14T10:45:52 IST" depends-on-methods="com.store.testcases.TC_ProductPurchase.verifySearchProduct" duration-ms="8044" status="PASS">
          <reporter-output>
          </reporter-output>
        </test-method> <!-- BuyProduct -->
        <test-method is-config="true" signature="tearDown()[pri:0, instance:com.store.testcases.TC_ProductPurchase@201a4587]" started-at="2023-10-14T10:45:52 IST" name="tearDown" finished-at="2023-10-14T10:45:52 IST" duration-ms="306" status="PASS">
          <reporter-output>
          </reporter-output>
        </test-method> <!-- tearDown -->
      </class> <!-- com.store.testcases.TC_ProductPurchase -->
      <class name="com.store.testcases.TC_GuestUserProductPurchase">
        <test-method is-config="true" signature="setup()[pri:0, instance:com.store.testcases.TC_GuestUserProductPurchase@61001b64]" started-at="2023-10-14T10:45:52 IST" name="setup" finished-at="2023-10-14T10:45:59 IST" duration-ms="6420" status="PASS">
          <reporter-output>
          </reporter-output>
        </test-method> <!-- setup -->
        <test-method signature="verifyGuestUserPurchase()[pri:0, instance:com.store.testcases.TC_GuestUserProductPurchase@61001b64]" started-at="2023-10-14T10:45:59 IST" name="verifyGuestUserPurchase" finished-at="2023-10-14T10:46:00 IST" duration-ms="1112" status="FAIL">
          <exception class="junit.framework.AssertionFailedError">
            <full-stacktrace>
              <![CDATA[junit.framework.AssertionFailedError
at junit.framework.Assert.fail(Assert.java:47)
at junit.framework.Assert.assertTrue(Assert.java:20)
at junit.framework.Assert.assertTrue(Assert.java:27)
at com.store.testcases.TC_GuestUserProductPurchase.verifyGuestUserPurchase(TC_GuestUserProductPurchase.java:19)
at java.base/jdk.internal.reflect.NativeMethodAccessorImpl.invoke0(Native Method)
at java.base/jdk.internal.reflect.NativeMethodAccessorImpl.invoke(NativeMethodAccessorImpl.java:77)
at java.base/jdk.internal.reflect.DelegatingMethodAccessorImpl.invoke(DelegatingMethodAccessorImpl.java:43)
at java.base/java.lang.reflect.Method.invoke(Method.java:568)
at org.testng.internal.MethodInvocationHelper.invokeMethod(MethodInvocationHelper.java:133)
at org.testng.internal.TestInvoker.invokeMethod(TestInvoker.java:598)
at org.testng.internal.TestInvoker.invokeTestMethod(TestInvoker.java:173)
at org.testng.internal.MethodRunner.runInSequence(MethodRunner.java:46)
at org.testng.internal.TestInvoker$MethodInvocationAgent.invoke(TestInvoker.java:824)
at org.testng.internal.TestInvoker.invokeTestMethods(TestInvoker.java:146)
at org.testng.internal.TestMethodWorker.invokeTestMethods(TestMethodWorker.java:146)
at org.testng.internal.TestMethodWorker.run(TestMethodWorker.java:128)
at java.base/java.util.ArrayList.forEach(ArrayList.java:1511)
at org.testng.TestRunner.privateRun(TestRunner.java:794)
at org.testng.TestRunner.run(TestRunner.java:596)
at org.testng.SuiteRunner.runTest(SuiteRunner.java:377)
at org.testng.SuiteRunner.runSequentially(SuiteRunner.java:371)
at org.testng.SuiteRunner.privateRun(SuiteRunner.java:332)
at org.testng.SuiteRunner.run(SuiteRunner.java:276)
at org.testng.SuiteRunnerWorker.runSuite(SuiteRunnerWorker.java:53)
at org.testng.SuiteRunnerWorker.run(SuiteRunnerWorker.java:96)
at org.testng.TestNG.runSuitesSequentially(TestNG.java:1212)
at org.testng.TestNG.runSuitesLocally(TestNG.java:1134)
at org.testng.TestNG.runSuites(TestNG.java:1063)
at org.testng.TestNG.run(TestNG.java:1031)
at org.testng.remote.AbstractRemoteTestNG.run(AbstractRemoteTestNG.java:115)
at org.testng.remote.RemoteTestNG.initAndRun(RemoteTestNG.java:251)
at org.testng.remote.RemoteTestNG.main(RemoteTestNG.java:77)
]]>
            </full-stacktrace>
          </exception> <!-- junit.framework.AssertionFailedError -->
          <reporter-output>
          </reporter-output>
        </test-method> <!-- verifyGuestUserPurchase -->
        <test-method is-config="true" signature="tearDown()[pri:0, instance:com.store.testcases.TC_GuestUserProductPurchase@61001b64]" started-at="2023-10-14T10:46:00 IST" name="tearDown" finished-at="2023-10-14T10:46:00 IST" duration-ms="488" status="PASS">
          <reporter-output>
          </reporter-output>
        </test-method> <!-- tearDown -->
      </class> <!-- com.store.testcases.TC_GuestUserProductPurchase -->
    </test> <!-- Test -->
  </suite> <!-- Suite -->
</testng-results>
